<?xml version="1.0" encoding="UTF-8"?>
<!-- Generated by org.testng.reporters.JUnitXMLReporter -->
<testsuite ignored="0" hostname="LAPTOP-A85LJTMK" failures="1" tests="3" name="Error Validations Test" time="17.414" errors="0" timestamp="2024-10-23T18:13:04 CEST">
  <testcase classname="companyp.tests.ErrorValidationsTest" name="loginErrorValidation" time="0.598">
    <skipped/>
  </testcase> <!-- loginErrorValidation -->
  <testcase classname="companyp.tests.ErrorValidationsTest" name="loginErrorValidation" time="1.115">
    <failure type="java.lang.AssertionError" message="expected [Incorrect email or password.] but found [Incorrect email password.]">
      <![CDATA[java.lang.AssertionError: expected [Incorrect email or password.] but found [Incorrect email password.]
at companyp.tests.ErrorValidationsTest.loginErrorValidation(ErrorValidationsTest.java:25)
at java.base/java.util.ArrayList.forEach(ArrayList.java:1511)
at java.base/java.util.concurrent.FutureTask.run(FutureTask.java:317)
at java.base/java.util.concurrent.ThreadPoolExecutor.runWorker(ThreadPoolExecutor.java:1144)
at java.base/java.util.concurrent.ThreadPoolExecutor$Worker.run(ThreadPoolExecutor.java:642)
at java.base/java.lang.Thread.run(Thread.java:1623)
... Removed 21 stack frames]]>
    </failure>
  </testcase> <!-- loginErrorValidation -->
  <testcase classname="companyp.tests.ErrorValidationsTest" name="productErrorValidations" time="3.107"/>
</testsuite> <!-- Error Validations Test -->
